<?xml version="1.0" encoding="UTF-8"?>
<testng-results ignored="0" total="2" passed="2" failed="0" skipped="0">
  <reporter-output>
  </reporter-output>
  <suite started-at="2025-11-10T15:15:32 IST" name="Default suite" finished-at="2025-11-10T15:15:38 IST" duration-ms="5756">
    <groups>
    </groups>
    <test started-at="2025-11-10T15:15:32 IST" name="Default test" finished-at="2025-11-10T15:15:38 IST" duration-ms="5756">
      <class name="Marvellous.SeleniumGrid">
        <test-method signature="Login(java.lang.String,java.lang.String)[pri:0, instance:Marvellous.SeleniumGrid@68267da0]" started-at="2025-11-10T15:15:32 IST" name="Login" data-provider="sendData" finished-at="2025-11-10T15:15:38 IST" duration-ms="5625" status="PASS">
          <params>
            <param index="0">
              <value>
                <![CDATA[Email_1]]>
              </value>
            </param>
            <param index="1">
              <value>
                <![CDATA[chrome]]>
              </value>
            </param>
          </params>
          <reporter-output>
          </reporter-output>
        </test-method> <!-- Login -->
        <test-method signature="Login(java.lang.String,java.lang.String)[pri:0, instance:Marvellous.SeleniumGrid@68267da0]" started-at="2025-11-10T15:15:32 IST" name="Login" data-provider="sendData" finished-at="2025-11-10T15:15:38 IST" duration-ms="5372" status="PASS">
          <params>
            <param index="0">
              <value>
                <![CDATA[Email_2]]>
              </value>
            </param>
            <param index="1">
              <value>
                <![CDATA[chrome]]>
              </value>
            </param>
          </params>
          <reporter-output>
          </reporter-output>
        </test-method> <!-- Login -->
      </class> <!-- Marvellous.SeleniumGrid -->
    </test> <!-- Default test -->
  </suite> <!-- Default suite -->
</testng-results>
