<?xml version="1.0" encoding="UTF-8"?>
<testng-results ignored="0" total="2" passed="2" failed="0" skipped="0">
  <reporter-output>
  </reporter-output>
  <suite started-at="2025-07-20T15:57:33 IST" name="Default suite" finished-at="2025-07-20T15:57:33 IST" duration-ms="204">
    <groups>
    </groups>
    <test started-at="2025-07-20T15:57:33 IST" name="Default test" finished-at="2025-07-20T15:57:33 IST" duration-ms="204">
      <class name="Marvellous.Assertion3">
        <test-method signature="TestCase2()[pri:0, instance:Marvellous.Assertion3@367ffa75]" started-at="2025-07-20T15:57:33 IST" name="TestCase2" finished-at="2025-07-20T15:57:33 IST" duration-ms="50" status="PASS">
          <reporter-output>
          </reporter-output>
        </test-method> <!-- TestCase2 -->
        <test-method signature="TestCase3()[pri:0, instance:Marvellous.Assertion3@367ffa75]" started-at="2025-07-20T15:57:33 IST" name="TestCase3" finished-at="2025-07-20T15:57:33 IST" duration-ms="3" status="PASS">
          <reporter-output>
          </reporter-output>
        </test-method> <!-- TestCase3 -->
      </class> <!-- Marvellous.Assertion3 -->
    </test> <!-- Default test -->
  </suite> <!-- Default suite -->
</testng-results>
