<?xml version="1.0" encoding="UTF-8"?>
<!-- Generated by org.testng.reporters.JUnitXMLReporter -->
<testsuite ignored="31" hostname="Shantanu" failures="0" tests="2" name="Test" time="0.135" errors="0" timestamp="2025-07-09T19:55:10 IST">
  <testcase classname="Marvellous.TestNG8" name="d" time="0.022"/>
  <testcase classname="Marvellous.TestNG8" name="e" time="0.003"/>
  <testcase classname="Marvellous.TestNG7" name="Logout" time="0.0">
    <ignored/>
  </testcase> <!-- Logout -->
  <testcase classname="Marvellous.TestNG8" name="f" time="0.0">
    <ignored/>
  </testcase> <!-- f -->
  <testcase classname="Marvellous.TestNG3" name="b" time="0.0">
    <ignored/>
  </testcase> <!-- b -->
  <testcase classname="Marvellous.TestNG8" name="b" time="0.0">
    <ignored/>
  </testcase> <!-- b -->
  <testcase classname="Marvellous.TestNG3" name="d" time="0.0">
    <ignored/>
  </testcase> <!-- d -->
  <testcase classname="Marvellous.TestNG2" name="ab" time="0.0">
    <ignored/>
  </testcase> <!-- ab -->
  <testcase classname="Marvellous.TestNG4" name="f" time="0.0">
    <ignored/>
  </testcase> <!-- f -->
  <testcase classname="Marvellous.TestNG5" name="d" time="0.0">
    <ignored/>
  </testcase> <!-- d -->
  <testcase classname="Marvellous.TestNG4" name="d" time="0.0">
    <ignored/>
  </testcase> <!-- d -->
  <testcase classname="Marvellous.TestNG5" name="b" time="0.0">
    <ignored/>
  </testcase> <!-- b -->
  <testcase classname="Marvellous.TestNG4" name="c" time="0.0">
    <ignored/>
  </testcase> <!-- c -->
  <testcase classname="Marvellous.TestNG6" name="a" time="0.0">
    <ignored/>
  </testcase> <!-- a -->
  <testcase classname="Marvellous.TestNG7" name="addCart" time="0.0">
    <ignored/>
  </testcase> <!-- addCart -->
  <testcase classname="Marvellous.TestNG1" name="a2" time="0.0">
    <ignored/>
  </testcase> <!-- a2 -->
  <testcase classname="Marvellous.TestNG1" name="A1" time="0.0">
    <ignored/>
  </testcase> <!-- A1 -->
  <testcase classname="Marvellous.TestNG6" name="z" time="0.0">
    <ignored/>
  </testcase> <!-- z -->
  <testcase classname="Marvellous.TestNG5" name="c" time="0.0">
    <ignored/>
  </testcase> <!-- c -->
  <testcase classname="Marvellous.TestNG7" name="loginTest" time="0.0">
    <ignored/>
  </testcase> <!-- loginTest -->
  <testcase classname="Marvellous.TestNG8" name="a" time="0.0">
    <ignored/>
  </testcase> <!-- a -->
  <testcase classname="Marvellous.TestNG3" name="c" time="0.0">
    <ignored/>
  </testcase> <!-- c -->
  <testcase classname="Marvellous.TestNG8" name="c" time="0.0">
    <ignored/>
  </testcase> <!-- c -->
  <testcase classname="Marvellous.TestNG3" name="a" time="0.0">
    <ignored/>
  </testcase> <!-- a -->
  <testcase classname="Marvellous.TestNG4" name="e" time="0.0">
    <ignored/>
  </testcase> <!-- e -->
  <testcase classname="Marvellous.TestNG5" name="a" time="0.0">
    <ignored/>
  </testcase> <!-- a -->
  <testcase classname="Marvellous.TestNG2" name="z" time="0.0">
    <ignored/>
  </testcase> <!-- z -->
  <testcase classname="Marvellous.TestNG4" name="b" time="0.0">
    <ignored/>
  </testcase> <!-- b -->
  <testcase classname="Marvellous.TestNG2" name="a3" time="0.0">
    <ignored/>
  </testcase> <!-- a3 -->
  <testcase classname="Marvellous.TestNG6" name="b" time="0.0">
    <ignored/>
  </testcase> <!-- b -->
  <testcase classname="Marvellous.TestNG2" name="a1" time="0.0">
    <ignored/>
  </testcase> <!-- a1 -->
  <testcase classname="Marvellous.TestNG1" name="a1" time="0.0">
    <ignored/>
  </testcase> <!-- a1 -->
  <testcase classname="Marvellous.TestNG6" name="d" time="0.0">
    <ignored/>
  </testcase> <!-- d -->
</testsuite> <!-- Test -->
