<?xml version="1.0" encoding="UTF-8"?>
<!-- Generated by org.testng.reporters.JUnitReportReporter -->
<testsuite hostname="Shantanu" failures="0" tests="3" name="Marvellous.TestNG1" time="0.030" errors="0" timestamp="2025-07-09T13:45:01 IST" skipped="0">
  <testcase classname="Marvellous.TestNG1" name="A1" time="0.020"/>
  <testcase classname="Marvellous.TestNG1" name="a2" time="0.005"/>
  <testcase classname="Marvellous.TestNG1" name="a1" time="0.005"/>
</testsuite> <!-- Marvellous.TestNG1 -->
