<?xml version="1.0" encoding="UTF-8"?>
<!-- Generated by org.testng.reporters.JUnitReportReporter -->
<testsuite hostname="Shantanu" failures="0" tests="5" name="Marvellous.TestNG4" time="0.012" errors="0" timestamp="2025-07-09T13:45:01 IST" skipped="2">
  <testcase classname="Marvellous.TestNG4" name="e" time="0.002"/>
  <testcase classname="Marvellous.TestNG4" name="f" time="0.006">
    <skipped/>
  </testcase> <!-- f -->
  <testcase classname="Marvellous.TestNG4" name="c" time="0.002"/>
  <testcase classname="Marvellous.TestNG4" name="e" time="0.002"/>
  <testcase classname="Marvellous.TestNG4" name="b">
    <skipped/>
  </testcase> <!-- b -->
</testsuite> <!-- Marvellous.TestNG4 -->
