<?xml version="1.0" encoding="UTF-8"?>
<!-- Generated by org.testng.reporters.JUnitReportReporter -->
<testsuite hostname="Shantanu" failures="0" tests="4" name="Marvellous.TestNG3" time="0.013" errors="0" timestamp="2025-07-09T13:45:01 IST" skipped="0">
  <testcase classname="Marvellous.TestNG3" name="a" time="0.005"/>
  <testcase classname="Marvellous.TestNG3" name="c" time="0.003"/>
  <testcase classname="Marvellous.TestNG3" name="d" time="0.003"/>
  <testcase classname="Marvellous.TestNG3" name="b" time="0.002"/>
</testsuite> <!-- Marvellous.TestNG3 -->
