<?xml version="1.0" encoding="UTF-8"?>
<!-- Generated by org.testng.reporters.JUnitReportReporter -->
<testsuite hostname="Shantanu" failures="0" tests="4" name="Marvellous.TestNG2" time="0.010" errors="0" timestamp="2025-07-09T13:45:01 IST" skipped="0">
  <testcase classname="Marvellous.TestNG2" name="ab" time="0.002"/>
  <testcase classname="Marvellous.TestNG2" name="a1" time="0.002"/>
  <testcase classname="Marvellous.TestNG2" name="z" time="0.002"/>
  <testcase classname="Marvellous.TestNG2" name="a3" time="0.004"/>
</testsuite> <!-- Marvellous.TestNG2 -->
