<?xml version="1.0" encoding="UTF-8"?>
<!-- Generated by org.testng.reporters.JUnitReportReporter -->
<testsuite hostname="Shantanu" failures="0" tests="3" name="Marvellous.TestNG9" time="25.719" errors="0" timestamp="2025-07-09T21:36:52 IST" skipped="0">
  <testcase classname="Marvellous.TestNG9" name="enterData" time="8.644"/>
  <testcase classname="Marvellous.TestNG9" name="enterData" time="8.548"/>
  <testcase classname="Marvellous.TestNG9" name="enterData" time="8.527"/>
</testsuite> <!-- Marvellous.TestNG9 -->
