<?xml version="1.0" encoding="UTF-8"?>
<!-- Generated by org.testng.reporters.JUnitReportReporter -->
<testsuite hostname="Shantanu" failures="0" tests="5" name="Marvellous.TestNG5" time="0.014" errors="0" timestamp="2025-07-09T13:45:01 IST" skipped="1">
  <testcase classname="Marvellous.TestNG5" name="b" time="0.003"/>
  <testcase classname="Marvellous.TestNG5" name="b" time="0.003"/>
  <testcase classname="Marvellous.TestNG5" name="c" time="0.005"/>
  <testcase classname="Marvellous.TestNG5" name="a" time="0.003"/>
  <testcase classname="Marvellous.TestNG5" name="d">
    <skipped/>
  </testcase> <!-- d -->
</testsuite> <!-- Marvellous.TestNG5 -->
